<?xml version="1.0" encoding="UTF-8"?>
<testsuite name="TestSuite" time="6.083" tests="6" errors="0" skipped="0" failures="0">
  <properties>
    <property name="java.runtime.name" value="Java(TM) SE Runtime Environment"/>
    <property name="java.vm.version" value="17.0.2+8-LTS-86"/>
    <property name="sun.boot.library.path" value="C:\Program Files\Java\jdk-17.0.2\bin"/>
    <property name="maven.multiModuleProjectDirectory" value="C:\Users\Mohammed.Rahman\Documents\Forked Java Automation Project\UKTalentHub-JavaProjectV1"/>
    <property name="java.vm.vendor" value="Oracle Corporation"/>
    <property name="java.vendor.url" value="https://java.oracle.com/"/>
    <property name="guice.disable.misplaced.annotation.check" value="true"/>
    <property name="path.separator" value=";"/>
    <property name="java.vm.name" value="Java HotSpot(TM) 64-Bit Server VM"/>
    <property name="sun.os.patch.level" value=""/>
    <property name="user.script" value=""/>
    <property name="user.country" value="US"/>
    <property name="sun.java.launcher" value="SUN_STANDARD"/>
    <property name="java.vm.specification.name" value="Java Virtual Machine Specification"/>
    <property name="user.dir" value="C:\Users\Mohammed.Rahman\Documents\Forked Java Automation Project\UKTalentHub-JavaProjectV1"/>
    <property name="java.vm.compressedOopsMode" value="Zero based"/>
    <property name="java.runtime.version" value="17.0.2+8-LTS-86"/>
    <property name="os.arch" value="amd64"/>
    <property name="java.io.tmpdir" value="C:\Users\MOHAMM~1.RAH\AppData\Local\Temp\"/>
    <property name="line.separator" value="&#10;"/>
    <property name="java.vm.specification.vendor" value="Oracle Corporation"/>
    <property name="user.variant" value=""/>
    <property name="os.name" value="Windows 10"/>
    <property name="classworlds.conf" value="C:\Users\Mohammed.Rahman\Documents\apache-maven-3.8.4\bin\m2.conf"/>
    <property name="sun.jnu.encoding" value="Cp1252"/>
    <property name="java.library.path" value="C:\Program Files\Java\jdk-17.0.2\bin;C:\Windows\Sun\Java\bin;C:\Windows\system32;C:\Windows;C:\Program Files\Common Files\Oracle\Java\javapath;C:\Program Files (x86)\Common Files\Oracle\Java\javapath;C:\Windows\system32;C:\Windows;C:\Windows\System32\Wbem;C:\Windows\System32\WindowsPowerShell\v1.0\;C:\Windows\System32\OpenSSH\;C:\Users\Mohammed.Rahman\Documents\apache-maven-3.8.4\bin;C:\Users\Mohammed.Rahman\Documents\allure-2.17.3\bin;C:\Users\Mohammed.Rahman\AppData\Local\Microsoft\WindowsApps;C:\Users\Mohammed.Rahman\AppData\Local\Programs\Git\cmd;C:\Users\Mohammed.Rahman\AppData\Local\Programs\Fiddler;C:\Users\Mohammed.Rahman\AppData\Local\GitHubDesktop\bin;C:\Users\Mohammed.Rahman\AppData\Local\Programs\Microsoft VS Code\bin;."/>
    <property name="maven.conf" value="C:\Users\Mohammed.Rahman\Documents\apache-maven-3.8.4/conf"/>
    <property name="jdk.debug" value="release"/>
    <property name="java.class.version" value="61.0"/>
    <property name="java.specification.name" value="Java Platform API Specification"/>
    <property name="sun.management.compiler" value="HotSpot 64-Bit Tiered Compilers"/>
    <property name="os.version" value="10.0"/>
    <property name="library.jansi.path" value="C:\Users\Mohammed.Rahman\Documents\apache-maven-3.8.4\lib\jansi-native"/>
    <property name="user.home" value="C:\Users\Mohammed.Rahman"/>
    <property name="user.timezone" value="Europe/London"/>
    <property name="file.encoding" value="Cp1252"/>
    <property name="java.specification.version" value="17"/>
    <property name="user.name" value="Mohammed.Rahman"/>
    <property name="java.class.path" value="C:\Users\Mohammed.Rahman\Documents\apache-maven-3.8.4\boot\plexus-classworlds-2.6.0.jar"/>
    <property name="java.vm.specification.version" value="17"/>
    <property name="sun.arch.data.model" value="64"/>
    <property name="sun.java.command" value="org.codehaus.plexus.classworlds.launcher.Launcher clean test"/>
    <property name="java.home" value="C:\Program Files\Java\jdk-17.0.2"/>
    <property name="user.language" value="en"/>
    <property name="java.specification.vendor" value="Oracle Corporation"/>
    <property name="java.vm.info" value="mixed mode, sharing"/>
    <property name="java.version" value="17.0.2"/>
    <property name="native.encoding" value="Cp1252"/>
    <property name="java.vendor" value="Oracle Corporation"/>
    <property name="sun.stderr.encoding" value="cp437"/>
    <property name="maven.home" value="C:\Users\Mohammed.Rahman\Documents\apache-maven-3.8.4"/>
    <property name="file.separator" value="\"/>
    <property name="java.version.date" value="2022-01-18"/>
    <property name="java.vendor.url.bug" value="https://bugreport.java.com/bugreport/"/>
    <property name="sun.io.unicode.encoding" value="UnicodeLittle"/>
    <property name="sun.cpu.endian" value="little"/>
    <property name="sun.stdout.encoding" value="cp437"/>
    <property name="sun.cpu.isalist" value="amd64"/>
  </properties>
  <testcase name="CorrectLoginDDT" classname="com.UKTalentHubJava.test_cases.testng.TCT02_SqlLoginTest" time="4.172"/>
  <testcase name="IncorrectLoginDDT" classname="com.UKTalentHubJava.test_cases.testng.TCT02_SqlLoginTest" time="1.911"/>
  <testcase name="IncorrectLoginDDT" classname="com.UKTalentHubJava.test_cases.testng.TCT02_SqlLoginTest" time="1.255"/>
  <testcase name="IncorrectLoginDDT" classname="com.UKTalentHubJava.test_cases.testng.TCT02_SqlLoginTest" time="1.748"/>
  <testcase name="IncorrectLoginDDT" classname="com.UKTalentHubJava.test_cases.testng.TCT02_SqlLoginTest" time="0.932"/>
  <testcase name="IncorrectLoginDDT" classname="com.UKTalentHubJava.test_cases.testng.TCT02_SqlLoginTest" time="1.472"/>
</testsuite>