<?xml version="1.0" encoding="UTF-8"?>
<!-- Generated by org.testng.reporters.JUnitReportReporter -->
<testsuite hostname="QT-UK-LT1372" failures="0" tests="6" name="com.UKTalentHubJava.test_cases.testng.TCT02_SqlLoginTest" time="36.887" errors="0" timestamp="2022-04-04T09:21:15 BST" skipped="0">
  <testcase classname="com.UKTalentHubJava.test_cases.testng.TCT02_SqlLoginTest" name="CorrectLoginDDT" time="7.622"/>
  <system-out/>
  <testcase classname="com.UKTalentHubJava.test_cases.testng.TCT02_SqlLoginTest" name="IncorrectLoginDDT" time="3.680"/>
  <system-out/>
  <testcase classname="com.UKTalentHubJava.test_cases.testng.TCT02_SqlLoginTest" name="IncorrectLoginDDT" time="9.662"/>
  <system-out/>
  <testcase classname="com.UKTalentHubJava.test_cases.testng.TCT02_SqlLoginTest" name="IncorrectLoginDDT" time="4.732"/>
  <system-out/>
  <testcase classname="com.UKTalentHubJava.test_cases.testng.TCT02_SqlLoginTest" name="IncorrectLoginDDT" time="4.833"/>
  <system-out/>
  <testcase classname="com.UKTalentHubJava.test_cases.testng.TCT02_SqlLoginTest" name="IncorrectLoginDDT" time="6.358"/>
  <system-out/>
</testsuite> <!-- com.UKTalentHubJava.test_cases.testng.TCT02_SqlLoginTest -->
